<?xml version="1.0" encoding="UTF-8"?>
<testng-results ignored="0" total="0" passed="0" failed="0" skipped="0">
  <reporter-output>
  </reporter-output>
  <suite started-at="2023-11-01T00:53:07 PST" name="Surefire suite" finished-at="2023-11-01T00:53:15 PST" duration-ms="8026">
    <groups>
    </groups>
    <test started-at="2023-11-01T00:53:07 PST" name="Surefire test" finished-at="2023-11-01T00:53:15 PST" duration-ms="8026">
    </test> <!-- Surefire test -->
  </suite> <!-- Surefire suite -->
</testng-results>
