<?xml version="1.0" encoding="UTF-8"?>
<testsuite xmlns:xsi="http://www.w3.org/2001/XMLSchema-instance" xsi:noNamespaceSchemaLocation="https://maven.apache.org/surefire/maven-surefire-plugin/xsd/surefire-test-report.xsd" name="com.saucedemo.runners.RunCucumberTests" time="16.373" tests="4" errors="0" skipped="0" failures="0">
  <properties>
[...]
</properties>
  <testcase name="Valid end to end scenario for complete order #1" classname="Complete Order Functionality" time="4.44"/>
  <testcase name="Valid end to end scenario for complete order #2" classname="Complete Order Functionality" time="4.004"/>
  <testcase name="Valid standard user Login functinality for Sauce Demo" classname="Login Functionality" time="3.089"/>
  <testcase name="Locked out user login functinality for Sauce Demo" classname="Login Functionality" time="4.069"/>
</testsuite>